<?xml version="1.0" encoding="UTF-8"?>
<!-- Generated by org.testng.reporters.JUnitReportReporter -->
<testsuite hostname="DESKTOP-N2A7JQO" failures="0" tests="2" name="NewStart.ErrorValidation" time="25.686" errors="0" timestamp="2024-09-10T09:38:05 IST" skipped="0">
  <testcase classname="NewStart.ErrorValidation" name="productErrorValidation" time="16.889"/>
  <system-out/>
  <testcase classname="NewStart.ErrorValidation" name="loginErrorValidation" time="8.797"/>
  <system-out/>
</testsuite> <!-- NewStart.ErrorValidation -->
